[1;32m  0    0.51  0.30  2.07  2.07 Setting up jobdb[0m
[1;32m  0    0.51  0.30  2.07  2.07 Getting jobdict[0m
[1;32m  0    0.71  0.58  2.35  2.40 Getting potential jobs[0m
[1;32m  0    1.67  0.58  2.35  2.40 Processing possible jobs[0m
[1;32m  0    1.76  0.58  2.35  2.40 Adding 0 new jobs[0m
[0m  0    1.76  0.58  2.35  2.40 	Rank 0 writing[0m
[0m  5    1.76  0.50  2.26  2.28 	Rank 5 writing[0m
[0m 11    1.76  0.49  2.26  2.28 	Rank 11 writing[0m
[0m  1    1.76  0.48  2.26  2.28 	Rank 1 writing[0m
[0m  2    1.76  0.48  2.26  2.28 	Rank 2 writing[0m
[0m  3    1.76  0.48  2.26  2.28 	Rank 3 writing[0m
[0m  4    1.76  0.48  2.26  2.28 	Rank 4 writing[0m
[0m  6    1.76  0.49  2.26  2.28 	Rank 6 writing[0m
[0m  7    1.76  0.48  2.26  2.28 	Rank 7 writing[0m
[0m  9    1.76  0.49  2.26  2.28 	Rank 9 writing[0m
[0m 10    1.76  0.49  2.26  2.28 	Rank 10 writing[0m
[0m 12    1.76  0.50  2.26  2.28 	Rank 12 writing[0m
[0m 13    1.76  0.48  2.26  2.28 	Rank 13 writing[0m
[0m 14    1.76  0.47  2.26  2.28 	Rank 14 writing[0m
[0m 15    1.76  0.48  2.26  2.28 	Rank 15 writing[0m
[0m  8    1.76  0.47  2.26  2.28 	Rank 8 writing[0m
[1;32m  0    1.76  0.58  2.35  2.40 Took 0.0069599151611328125 seconds to add[0m
[1;32m  0    1.76  0.58  2.35  2.40 0 jobs to run![0m
