[1;32m  0    0.52  0.29  2.07  2.07 Setting up jobdb[0m
[1;32m  0    0.53  0.29  2.07  2.07 Getting jobdict[0m
[1;32m  0    0.53  0.29  2.07  2.07 Getting potential jobs[0m
[1;32m  0    0.71  0.36  2.13  2.13 Processing possible jobs[0m
[1;32m  0    0.72  0.36  2.13  2.13 Adding 1779 new jobs[0m
[0m 10    0.80  0.36  2.13  2.13 	Rank 10 writing[0m
[0m 14    0.80  0.35  2.13  2.13 	Rank 14 writing[0m
[0m 11    0.80  0.35  2.13  2.13 	Rank 11 writing[0m
[0m 12    0.80  0.37  2.13  2.13 	Rank 12 writing[0m
[0m 13    0.80  0.34  2.13  2.13 	Rank 13 writing[0m
[0m 15    0.80  0.36  2.13  2.13 	Rank 15 writing[0m
[0m  9    0.80  0.36  2.13  2.13 	Rank 9 writing[0m
[0m  3    0.80  0.35  2.13  2.13 	Rank 3 writing[0m
[0m  7    0.80  0.35  2.13  2.13 	Rank 7 writing[0m
[0m  1    0.80  0.36  2.13  2.13 	Rank 1 writing[0m
[0m  0    0.80  0.36  2.13  2.13 	Rank 0 writing[0m
[0m  2    0.80  0.35  2.13  2.13 	Rank 2 writing[0m
[0m  6    0.80  0.35  2.13  2.13 	Rank 6 writing[0m
[0m  5    0.80  0.36  2.13  2.13 	Rank 5 writing[0m
[0m  4    0.80  0.35  2.13  2.13 	Rank 4 writing[0m
[0m  8    0.80  0.36  2.13  2.13 	Rank 8 writing[0m
[1;32m  0    0.81  0.38  2.16  2.16 Took 4.716989755630493 seconds to add[0m
[1;32m  0    0.81  0.38  2.16  2.16 1615 jobs to run![0m
[1;34m  0    1.68  0.54  2.63  2.67 Fitting obs_1750510359_lati1_111 ufm_mv21 f090(1/101)[0m
[1;34m  1    1.71  0.54  2.64  2.68 Fitting obs_1750377916_lati1_111 ufm_mv28 f090(1/101)[0m
[1;34m  2    1.74  0.53  2.64  2.67 Fitting obs_1750550586_lati1_111 ufm_mv24 f090(1/101)[0m
[1;34m  3    1.77  0.53  2.63  2.67 Fitting obs_1750682420_latc1_111 ufm_uv38 f280(1/101)[0m
[1;34m  4    1.80  0.54  2.64  2.68 Fitting obs_1750806390_lati1_111 ufm_mv21 f150(1/101)[0m
[1;34m  5    1.83  0.55  2.64  2.68 Fitting obs_1753698497_lati6_111 ufm_mv26 f090(1/101)[0m
[1;34m  6    1.86  0.58  2.68  2.69 Fitting obs_1755232342_lati1_111 ufm_mv24 f150(1/101)[0m
[1;34m  7    1.90  0.57  2.67  2.72 Fitting obs_1755338513_lati1_110 ufm_mv24 f090(1/101)[0m
[1;34m  8    1.93  0.60  2.69  2.74 Fitting obs_1756199956_lati5_111 ufm_uv47 f280(1/101)[0m
[1;34m  9    1.96  0.54  2.63  2.67 Fitting obs_1756677248_latc1_111 ufm_uv39 f220(1/101)[0m
[1;34m 10    1.99  0.54  2.64  2.68 Fitting obs_1757535171_lati5_111 ufm_uv31 f220(1/101)[0m
[1;34m 11    2.02  0.49  2.58  2.63 Fitting obs_1758734843_latc1_111 ufm_uv46 f280(1/101)[0m
[1;34m 12    2.05  0.50  2.59  2.63 Fitting obs_1759344407_lati3_111 ufm_mv13 f090(1/101)[0m
[1;34m 13    2.09  0.61  2.71  2.77 Fitting obs_1761439680_lati4_111 ufm_mv32 f090(1/101)[0m
[1;34m 14    2.12  0.64  2.73  2.76 Fitting obs_1762655399_lati3_111 ufm_mv13 f090(1/101)[0m
[1;34m 15    2.15  0.63  2.72  2.72 Fitting obs_1764279709_lati3_111 ufm_mv13 f150(1/100)[0m
[1;34m  0    2.47  0.58  2.67  2.84 Fitting obs_1750510359_lati1_111 ufm_mv21 f150(2/101)[0m
[1;34m  1    2.50  0.55  2.65  2.80 Fitting obs_1750377916_lati1_111 ufm_mv28 f150(2/101)[0m
[1;34m  2    2.53  0.56  2.66  2.83 Fitting obs_1750550586_lati1_111 ufm_mv24 f150(2/101)[0m
[1;34m  3    2.56  0.56  2.66  2.81 Fitting obs_1750682420_latc1_111 ufm_uv39 f220(2/101)[0m
[1;34m  4    2.59  0.56  2.66  2.83 Fitting obs_1750806390_lati1_111 ufm_mv24 f090(2/101)[0m
[1;34m  5    2.63  0.57  2.67  2.84 Fitting obs_1753698497_lati6_111 ufm_mv26 f150(2/101)[0m
[1;34m  6    2.66  0.61  2.71  2.99 Fitting obs_1755232342_lati1_111 ufm_mv28 f090(2/101)[0m
[1;34m  7    2.69  0.61  2.70  2.94 Fitting obs_1755338513_lati1_110 ufm_mv24 f150(2/101)[0m
[1;34m  8    2.72  0.63  2.71  3.00 Fitting obs_1756199958_latc1_110 ufm_uv38 f220(2/101)[0m
[1;34m  9    2.75  0.57  2.66  2.82 Fitting obs_1756677248_latc1_111 ufm_uv39 f280(2/101)[0m
[1;34m 10    2.78  0.57  2.67  2.86 Fitting obs_1757535171_lati5_111 ufm_uv31 f280(2/101)[0m
[1;34m 11    2.81  0.52  2.61  2.67 Fitting obs_1758743395_lati1_111 ufm_mv21 f090(2/101)[0m
[1;34m 12    2.84  0.53  2.62  2.68 Fitting obs_1759344407_lati3_111 ufm_mv13 f150(2/101)[0m
[1;34m 13    2.88  0.64  2.74  3.07 Fitting obs_1761439680_lati4_111 ufm_mv32 f150(2/101)[0m
[1;34m 14    2.91  0.67  2.76  3.13 Fitting obs_1762655399_lati3_111 ufm_mv34 f090(2/101)[0m
[1;34m 15    2.94  0.66  2.75  3.08 Fitting obs_1764279709_lati3_111 ufm_mv20 f150(2/100)[0m
[1;34m  0    3.27  0.61  2.70  2.87 Fitting obs_1750510359_lati1_111 ufm_mv24 f090(3/101)[0m
[1;34m  1    3.30  0.59  2.69  2.86 Fitting obs_1750420970_lati4_111 ufm_mv14 f090(3/101)[0m
[1;34m  2    3.33  0.59  2.70  2.88 Fitting obs_1750550586_lati1_111 ufm_mv28 f090(3/101)[0m
[1;34m  3    3.37  0.59  2.69  2.85 Fitting obs_1750682420_latc1_111 ufm_uv39 f280(3/101)[0m
[1;34m  4    3.40  0.59  2.69  2.86 Fitting obs_1750806390_lati1_111 ufm_mv24 f150(3/101)[0m
[1;34m  5    3.43  0.60  2.69  2.87 Fitting obs_1753698497_lati6_111 ufm_mv11 f150(3/101)[0m
[1;34m  6    3.46  0.64  2.74  3.02 Fitting obs_1755232342_lati1_111 ufm_mv28 f150(3/101)[0m
[1;34m  7    3.49  0.58  2.68  2.94 Fitting obs_1755359824_lati6_111 ufm_mv11 f090(3/101)[0m
[1;34m  8    3.53  0.65  2.74  3.03 Fitting obs_1756199958_latc1_110 ufm_uv38 f280(3/101)[0m
[1;34m  9    3.56  0.60  2.69  2.85 Fitting obs_1756677248_latc1_111 ufm_uv46 f220(3/101)[0m
[1;34m 10    3.59  0.60  2.70  2.89 Fitting obs_1757535171_lati5_111 ufm_uv47 f220(3/101)[0m
[1;34m 11    3.62  0.54  2.64  2.70 Fitting obs_1758743395_lati1_111 ufm_mv21 f150(3/101)[0m
[1;34m 12    3.65  0.56  2.65  2.71 Fitting obs_1759344407_lati3_111 ufm_mv20 f150(3/101)[0m
[1;34m 13    3.69  0.67  2.77  3.10 Fitting obs_1761439680_lati4_111 ufm_mv49 f090(3/101)[0m
[1;34m 14    3.72  0.70  2.79  3.17 Fitting obs_1762655399_lati3_111 ufm_mv34 f150(3/101)[0m
[1;34m 15    3.75  0.69  2.78  3.12 Fitting obs_1764279709_lati3_111 ufm_mv34 f090(3/100)[0m
[1;34m  0    4.08  0.63  2.73  2.90 Fitting obs_1750510359_lati1_111 ufm_mv24 f150(4/101)[0m
[1;34m  1    4.11  0.62  2.73  2.89 Fitting obs_1750420970_lati4_111 ufm_mv14 f150(4/101)[0m
[1;34m  2    4.15  0.61  2.71  2.88 Fitting obs_1750550586_lati1_111 ufm_mv28 f150(4/101)[0m
[1;34m  3    4.18  0.61  2.72  2.89 Fitting obs_1750682420_latc1_111 ufm_uv46 f220(4/101)[0m
[1;34m  4    4.21  0.62  2.73  2.92 Fitting obs_1750806390_lati1_111 ufm_mv28 f090(4/101)[0m
[1;34m  5    4.24  0.63  2.73  2.89 Fitting obs_1753701355_lati3_111 ufm_mv13 f090(4/101)[0m
[1;34m  6    4.28  0.70  2.80  3.13 Fitting obs_1755235368_lati4_111 ufm_mv14 f090(4/101)[0m
[1;34m  7    4.32  0.61  2.72  2.94 Fitting obs_1755359829_lati1_111 ufm_mv24 f090(4/101)[0m
[1;34m  8    4.35  0.68  2.77  3.05 Fitting obs_1756199958_latc1_110 ufm_uv39 f220(4/101)[0m
[1;34m  9    4.38  0.63  2.72  2.88 Fitting obs_1756677248_latc1_111 ufm_uv46 f280(4/101)[0m
[1;34m 10    4.41  0.63  2.73  2.92 Fitting obs_1757535171_lati5_111 ufm_uv47 f280(4/101)[0m
[1;34m 11    4.44  0.57  2.67  2.72 Fitting obs_1758743395_lati1_111 ufm_mv28 f090(4/101)[0m
[1;34m 12    4.47  0.59  2.68  2.73 Fitting obs_1759344407_lati3_111 ufm_mv34 f090(4/101)[0m
[1;34m 13    4.51  0.70  2.81  3.13 Fitting obs_1761439680_lati4_111 ufm_mv49 f150(4/101)[0m
[1;34m 14    4.54  0.78  2.87  3.32 Fitting obs_1762661603_lati3_111 ufm_mv34 f090(4/101)[0m
[1;34m 15    4.57  0.72  2.81  3.16 Fitting obs_1764279709_lati3_111 ufm_mv34 f150(4/100)[0m
[1;34m  0    4.91  0.67  2.77  2.96 Fitting obs_1750510359_lati1_111 ufm_mv28 f090(5/101)[0m
[1;34m  1    4.95  0.66  2.76  2.92 Fitting obs_1750420970_lati4_111 ufm_mv49 f090(5/101)[0m
[1;34m  2    4.98  0.65  2.76  2.91 Fitting obs_1750577093_lati4_111 ufm_mv14 f090(5/101)[0m
[1;34m  3    5.01  0.64  2.75  2.90 Fitting obs_1750682420_latc1_111 ufm_uv46 f280(5/101)[0m
[1;34m  4    5.05  0.64  2.74  2.92 Fitting obs_1750806390_lati1_111 ufm_mv28 f150(5/101)[0m
[1;34m  5    5.08  0.67  2.76  2.91 Fitting obs_1753701355_lati3_111 ufm_mv13 f150(5/101)[0m
[1;34m  6    5.11  0.73  2.83  3.17 Fitting obs_1755235368_lati4_111 ufm_mv14 f150(5/101)[0m
[1;34m  7    5.14  0.65  2.74  2.94 Fitting obs_1755359829_lati1_111 ufm_mv24 f150(5/101)[0m
[1;34m  8    5.18  0.71  2.80  3.08 Fitting obs_1756199958_latc1_110 ufm_uv39 f280(5/101)[0m
[1;34m  9    5.21  0.66  2.74  2.90 Fitting obs_1756677257_lati5_111 ufm_uv31 f220(5/101)[0m
[1;34m 10    5.24  0.68  2.78  3.01 Fitting obs_1757540868_lati1_111 ufm_mv21 f090(5/101)[0m
[1;34m 11    5.28  0.61  2.70  2.75 Fitting obs_1758743395_lati1_111 ufm_mv28 f150(5/101)[0m
[1;34m 12    5.31  0.62  2.71  2.75 Fitting obs_1759344407_lati3_111 ufm_mv34 f150(5/101)[0m
[1;34m 13    5.35  0.74  2.84  3.17 Fitting obs_1761439681_lati3_111 ufm_mv13 f090(5/101)[0m
[1;34m 14    5.38  0.80  2.90  3.35 Fitting obs_1762661603_lati3_111 ufm_mv34 f150(5/101)[0m
[1;34m 15    5.41  0.79  2.88  3.30 Fitting obs_1764643898_lati6_111 ufm_mv25 f090(5/100)[0m
[1;34m  0    5.77  0.68  2.78  2.96 Fitting obs_1750510359_lati1_111 ufm_mv28 f150(6/101)[0m
[1;34m  1    5.80  0.69  2.78  2.94 Fitting obs_1750420970_lati4_111 ufm_mv49 f150(6/101)[0m
[1;34m  2    5.84  0.69  2.78  2.94 Fitting obs_1750577093_lati4_111 ufm_mv14 f150(6/101)[0m
[1;34m  3    5.87  0.66  2.77  2.93 Fitting obs_1750682422_lati5_111 ufm_uv31 f220(6/101)[0m
[1;34m  4    5.90  0.68  2.79  2.95 Fitting obs_1750809559_lati6_111 ufm_mv25 f090(6/101)[0m
[1;34m  5    5.94  0.70  2.78  2.94 Fitting obs_1753701355_lati3_111 ufm_mv20 f090(6/101)[0m
[1;34m  6    5.97  0.76  2.87  3.23 Fitting obs_1755235368_lati4_111 ufm_mv32 f090(6/101)[0m
[1;34m  7    6.00  0.68  2.78  2.96 Fitting obs_1755363374_lati3_111 ufm_mv20 f090(6/101)[0m
[1;34m  8    6.03  0.76  2.85  3.18 Fitting obs_1756207893_lati4_111 ufm_mv14 f090(6/101)[0m
[1;34m  9    6.06  0.69  2.77  2.94 Fitting obs_1756677257_lati5_111 ufm_uv31 f280(6/101)[0m
[1;34m 10    6.09  0.71  2.80  3.04 Fitting obs_1757540868_lati1_111 ufm_mv21 f150(6/101)[0m
[1;34m 11    6.12  0.70  2.79  2.79 Fitting obs_1758745652_lati6_111 ufm_mv25 f090(6/101)[0m
[1;34m 12    6.15  0.65  2.73  2.80 Fitting obs_1759346027_lati1_111 ufm_mv21 f090(6/101)[0m
[1;34m 13    6.19  0.76  2.87  3.20 Fitting obs_1761439681_lati3_111 ufm_mv13 f150(6/101)[0m
[1;34m 14    6.22  0.81  2.90  3.35 Fitting obs_1762728284_lati1_111 ufm_mv21 f090(6/101)[0m
[1;34m 15    6.25  0.82  2.91  3.33 Fitting obs_1764643898_lati6_111 ufm_mv25 f150(6/100)[0m
[1;34m  0    6.60  0.73  2.83  3.00 Fitting obs_1750232393_lati4_111 ufm_mv32 f090(7/101)[0m
[1;34m  1    6.63  0.71  2.81  2.96 Fitting obs_1750420971_lati3_110 ufm_mv13 f090(7/101)[0m
[1;34m  2    6.66  0.72  2.81  2.96 Fitting obs_1750577093_lati4_111 ufm_mv32 f090(7/101)[0m
[1;34m  3    6.70  0.70  2.79  2.96 Fitting obs_1750682422_lati5_111 ufm_uv31 f280(7/101)[0m
[1;34m  4    6.73  0.72  2.81  2.98 Fitting obs_1750809559_lati6_111 ufm_mv25 f150(7/101)[0m
[1;34m  5    6.76  0.72  2.81  2.97 Fitting obs_1753701355_lati3_111 ufm_mv20 f150(7/101)[0m
[1;34m  6    6.80  0.78  2.89  3.25 Fitting obs_1755235368_lati4_111 ufm_mv32 f150(7/101)[0m
[1;34m  7    6.84  0.72  2.82  3.02 Fitting obs_1755363374_lati3_111 ufm_mv20 f150(7/101)[0m
[1;34m  8    6.87  0.79  2.88  3.21 Fitting obs_1756207893_lati4_111 ufm_mv14 f150(7/101)[0m
[1;34m  9    6.90  0.72  2.80  2.97 Fitting obs_1756677257_lati5_111 ufm_uv47 f220(7/101)[0m
[1;34m 10    6.93  0.73  2.83  3.06 Fitting obs_1757540868_lati1_111 ufm_mv24 f090(7/101)[0m
[1;34m 11    6.96  0.65  2.75  2.82 Fitting obs_1758745652_lati6_111 ufm_mv25 f150(7/101)[0m
[1;34m 12    6.99  0.67  2.76  2.83 Fitting obs_1759346027_lati1_111 ufm_mv21 f150(7/101)[0m
[1;34m 13    7.03  0.79  2.89  3.25 Fitting obs_1761439681_lati3_111 ufm_mv34 f090(7/101)[0m
[1;34m 14    7.06  0.83  2.93  3.35 Fitting obs_1762728284_lati6_111 ufm_mv25 f090(7/101)[0m
[1;34m 15    7.09  0.84  2.93  3.35 Fitting obs_1764643903_lati1_111 ufm_mv21 f090(7/100)[0m
[1;34m  0    7.43  0.77  2.86  3.02 Fitting obs_1750232393_lati4_111 ufm_mv49 f150(8/101)[0m
[1;34m  1    7.46  0.74  2.83  3.00 Fitting obs_1750420971_lati3_110 ufm_mv13 f150(8/101)[0m
[1;34m  2    7.50  0.74  2.83  2.99 Fitting obs_1750577093_lati4_111 ufm_mv32 f150(8/101)[0m
[1;34m  3    7.53  0.73  2.83  2.99 Fitting obs_1750682422_lati5_111 ufm_uv47 f220(8/101)[0m
[1;34m  4    7.57  0.75  2.84  3.00 Fitting obs_1750809559_lati6_111 ufm_mv11 f090(8/101)[0m
[1;34m  5    7.60  0.75  2.84  3.00 Fitting obs_1753701355_lati3_111 ufm_mv34 f090(8/101)[0m
[1;34m  6    7.63  0.81  2.92  3.26 Fitting obs_1755235368_lati4_111 ufm_mv49 f090(8/101)[0m
[1;34m  7    7.66  0.75  2.85  3.05 Fitting obs_1755363374_lati3_111 ufm_mv34 f090(8/101)[0m
[1;34m  8    7.69  0.81  2.90  3.22 Fitting obs_1756207893_lati4_111 ufm_mv32 f150(8/101)[0m
[1;34m  9    7.72  0.74  2.84  3.00 Fitting obs_1756677257_lati5_111 ufm_uv47 f280(8/101)[0m
[1;34m 10    7.75  0.77  2.86  3.10 Fitting obs_1757540868_lati1_111 ufm_mv24 f150(8/101)[0m
[1;34m 11    7.79  0.76  2.84  2.84 Fitting obs_1758745652_lati6_111 ufm_mv11 f090(8/101)[0m
[1;34m 12    7.82  0.70  2.79  2.85 Fitting obs_1759346027_lati1_111 ufm_mv24 f090(8/101)[0m
[1;34m 13    7.85  0.86  2.96  3.38 Fitting obs_1761453178_lati1_111 ufm_mv21 f090(8/101)[0m
[1;34m 14    7.88  0.89  2.98  3.44 Fitting obs_1762983959_lati6_111 ufm_mv25 f090(8/101)[0m
[1;34m 15    7.91  0.86  2.95  3.37 Fitting obs_1764643903_lati1_111 ufm_mv28 f090(8/100)[0m
[1;34m  0    8.25  0.80  2.89  3.06 Fitting obs_1750232394_lati3_110 ufm_mv20 f150(9/101)[0m
[1;34m  1    8.28  0.76  2.86  3.01 Fitting obs_1750420971_lati3_110 ufm_mv20 f090(9/101)[0m
[1;34m  2    8.32  0.77  2.86  3.02 Fitting obs_1750577093_lati4_111 ufm_mv49 f090(9/101)[0m
[1;34m  3    8.35  0.77  2.86  3.01 Fitting obs_1750682422_lati5_111 ufm_uv47 f280(9/101)[0m
[1;34m  4    8.38  0.77  2.87  3.03 Fitting obs_1750809559_lati6_111 ufm_mv11 f150(9/101)[0m
[1;34m  5    8.41  0.78  2.87  3.03 Fitting obs_1753701355_lati3_111 ufm_mv34 f150(9/101)[0m
[1;34m  6    8.45  0.84  2.95  3.31 Fitting obs_1755235368_lati4_111 ufm_mv49 f150(9/101)[0m
[1;34m  7    8.48  0.78  2.87  3.08 Fitting obs_1755363374_lati3_111 ufm_mv34 f150(9/101)[0m
[1;34m  8    8.51  0.84  2.93  3.24 Fitting obs_1756207893_lati4_111 ufm_mv49 f090(9/101)[0m
[1;34m  9    8.55  0.79  2.88  3.09 Fitting obs_1756716869_latc1_111 ufm_uv38 f220(9/101)[0m
[1;34m 10    8.58  0.81  2.90  3.14 Fitting obs_1757540868_lati1_111 ufm_mv28 f090(9/101)[0m
[1;34m 11    8.61  0.71  2.81  2.87 Fitting obs_1758745652_lati6_111 ufm_mv11 f150(9/101)[0m
[1;34m 12    8.64  0.73  2.82  2.88 Fitting obs_1759346027_lati1_111 ufm_mv24 f150(9/101)[0m
[1;34m 13    8.67  0.89  2.99  3.42 Fitting obs_1761453178_lati1_111 ufm_mv21 f150(9/101)[0m
[1;34m 14    8.70  0.88  2.97  3.44 Fitting obs_1763000053_lati3_111 ufm_mv13 f090(9/101)[0m
[1;34m 15    8.74  0.92  3.01  3.45 Fitting obs_1764652676_lati6_111 ufm_mv25 f090(9/100)[0m
[1;34m  0    9.07  0.82  2.91  3.07 Fitting obs_1750254700_lati4_111 ufm_mv49 f150(10/101)[0m
[1;34m  1    9.11  0.79  2.88  3.04 Fitting obs_1750420971_lati3_110 ufm_mv20 f150(10/101)[0m
[1;34m  2    9.14  0.80  2.89  3.05 Fitting obs_1750577093_lati4_111 ufm_mv49 f150(10/101)[0m
[1;34m  3    9.17  0.80  2.89  3.05 Fitting obs_1750685557_lati3_110 ufm_mv13 f090(10/101)[0m
[1;34m  4    9.20  0.80  2.89  3.05 Fitting obs_1750809575_lati1_111 ufm_mv21 f090(10/101)[0m
[1;34m  5    9.23  0.80  2.89  3.05 Fitting obs_1753765201_lati3_111 ufm_mv13 f090(10/101)[0m
[1;34m  6    9.27  0.86  2.97  3.31 Fitting obs_1755235369_lati3_111 ufm_mv13 f090(10/101)[0m
[1;34m  7    9.30  0.81  2.91  3.13 Fitting obs_1755363375_lati4_111 ufm_mv32 f090(10/101)[0m
[1;34m  8    9.33  0.87  2.96  3.27 Fitting obs_1756207893_lati4_111 ufm_mv49 f150(10/101)[0m
[1;34m  9    9.36  0.81  2.91  3.11 Fitting obs_1756716869_latc1_111 ufm_uv38 f280(10/101)[0m
[1;34m 10    9.39  0.84  2.93  3.17 Fitting obs_1757540868_lati1_111 ufm_mv28 f150(10/101)[0m
[1;34m 11    9.42  0.82  2.91  2.91 Fitting obs_1758748744_lati1_111 ufm_mv21 f090(10/101)[0m
[1;34m 12    9.46  0.76  2.85  2.91 Fitting obs_1759346027_lati1_111 ufm_mv28 f090(10/101)[0m
[1;34m 13    9.49  0.93  3.03  3.46 Fitting obs_1761453179_lati6_111 ufm_mv25 f090(10/101)[0m
[1;34m 14    9.52  0.89  2.98  3.44 Fitting obs_1763000053_lati3_111 ufm_mv13 f150(10/101)[0m
[1;34m 15    9.55  0.94  3.03  3.47 Fitting obs_1764652676_lati6_111 ufm_mv25 f150(10/100)[0m
[1;34m  0    9.89  0.84  2.93  3.09 Fitting obs_1750318590_lati3_110 ufm_mv13 f090(11/101)[0m
[1;34m  1    9.92  0.81  2.93  3.09 Fitting obs_1750424174_lati6_111 ufm_mv25 f090(11/101)[0m
[1;34m  2    9.95  0.82  2.92  3.08 Fitting obs_1750577094_lati3_110 ufm_mv13 f090(11/101)[0m
[1;34m  3    9.98  0.82  2.92  3.08 Fitting obs_1750685557_lati3_110 ufm_mv13 f150(11/101)[0m
[1;34m  4   10.01  0.83  2.92  3.10 Fitting obs_1750809575_lati1_111 ufm_mv21 f150(11/101)[0m
[1;34m  5   10.04  0.83  2.92  3.08 Fitting obs_1753765201_lati3_111 ufm_mv13 f150(11/101)[0m
[1;34m  6   10.08  0.89  3.00  3.34 Fitting obs_1755235369_lati3_111 ufm_mv13 f150(11/101)[0m
[1;34m  7   10.11  0.83  2.94  3.14 Fitting obs_1755363375_lati4_111 ufm_mv49 f090(11/101)[0m
[1;34m  8   10.14  0.89  2.99  3.30 Fitting obs_1756207894_lati3_111 ufm_mv13 f090(11/101)[0m
[1;34m  9   10.17  0.84  2.93  3.14 Fitting obs_1756716869_latc1_111 ufm_uv39 f220(11/101)[0m
[1;34m 10   10.20  0.87  2.97  3.18 Fitting obs_1757540885_lati6_111 ufm_mv25 f090(11/101)[0m
[1;34m 11   10.23  0.77  2.87  2.93 Fitting obs_1758748744_lati1_111 ufm_mv21 f150(11/101)[0m
[1;34m 12   10.27  0.79  2.88  2.93 Fitting obs_1759346027_lati1_111 ufm_mv28 f150(11/101)[0m
[1;34m 13   10.30  0.96  3.06  3.49 Fitting obs_1761453179_lati6_111 ufm_mv25 f150(11/101)[0m
[1;34m 14   10.33  0.91  3.01  3.44 Fitting obs_1763000053_lati3_111 ufm_mv20 f090(11/101)[0m
[1;34m 15   10.36  0.96  3.06  3.49 Fitting obs_1764652676_lati6_111 ufm_mv11 f090(11/100)[0m
[1;34m  0   10.70  0.87  2.96  3.14 Fitting obs_1750318590_lati3_110 ufm_mv13 f150(12/101)[0m
[1;34m  1   10.73  0.85  2.95  3.11 Fitting obs_1750424174_lati6_111 ufm_mv25 f150(12/101)[0m
[1;34m  2   10.76  0.85  2.95  3.13 Fitting obs_1750577094_lati3_110 ufm_mv13 f150(12/101)[0m
[1;34m  3   10.79  0.84  2.94  3.10 Fitting obs_1750685557_lati3_110 ufm_mv20 f090(12/101)[0m
[1;34m  4   10.82  0.86  2.95  3.11 Fitting obs_1750809575_lati1_111 ufm_mv24 f090(12/101)[0m
[1;34m  5   10.86  0.86  2.94  3.10 Fitting obs_1753765201_lati3_111 ufm_mv20 f090(12/101)[0m
[1;34m  6   10.89  0.93  3.04  3.40 Fitting obs_1755235369_lati3_111 ufm_mv20 f090(12/101)[0m
[1;34m  7   10.92  0.87  2.96  3.18 Fitting obs_1755363375_lati4_111 ufm_mv49 f150(12/101)[0m
[1;34m  8   10.95  0.92  3.01  3.32 Fitting obs_1756207894_lati3_111 ufm_mv13 f150(12/101)[0m
[1;34m  9   10.98  0.88  2.96  3.18 Fitting obs_1756716869_latc1_111 ufm_uv39 f280(12/101)[0m
[1;34m 10   11.01  0.90  3.00  3.21 Fitting obs_1757540885_lati6_111 ufm_mv25 f150(12/101)[0m
[1;34m 11   11.05  0.80  2.90  2.96 Fitting obs_1758748744_lati1_111 ufm_mv28 f090(12/101)[0m
[1;34m 12   11.08  0.81  2.89  2.96 Fitting obs_1759347956_lati6_111 ufm_mv25 f090(12/101)[0m
[1;34m 13   11.11  0.96  3.06  3.49 Fitting obs_1761538629_lati4_111 ufm_mv49 f150(12/101)[0m
[1;34m 14   11.14  0.94  3.04  3.44 Fitting obs_1763000053_lati3_111 ufm_mv34 f090(12/101)[0m
[1;34m 15   11.17  0.99  3.08  3.50 Fitting obs_1764652676_lati6_111 ufm_mv11 f150(12/100)[0m
Traceback (most recent call last):
  File "/global/u1/s/skh/code/LATR_Validation/pipelines/lat_beams/fit_source_map.py", line 304, in <module>
    data_fwhm = get_fwhm_radial_bins(r[rmsk], rprof[rmsk], interpolate=True) * u.arcsec
                ^^^^^^^^^^^^^^^^^^^^^^^^^^^^^^^^^^^^^^^^^^^^^^^^^^^^^^^^^^^^
  File "/global/u1/s/skh/code/LATR_Validation/pipelines/lat_beams/lat_beams/beam_utils.py", line 95, in get_fwhm_radial_bins
    fwhm = 2 * (r[inds[-1]])
                  ~~~~^^^^
IndexError: index -1 is out of bounds for axis 0 with size 0
[1;34m  1   11.23  0.88  2.97  3.14 Fitting obs_1750424174_lati6_111 ufm_mv26 f090(13/101)[0m
slurmstepd: error: *** STEP 49245552.0 ON nid005561 CANCELLED AT 2026-02-23T15:46:36 ***
srun: Job step aborted: Waiting up to 32 seconds for job step to finish.
slurmstepd: error: *** JOB 49245552 ON nid005561 CANCELLED AT 2026-02-23T15:46:36 ***
